Sierra On-Line Script Compiler 4.100 (Jan 12 1995 14:23:57)
(C) 1987-1995 by Sierra On-Line, Inc.  All rights reserved.
Class database locked.
system.sc
	No errors.
array.sc
	No errors.
rect.sc
	No errors.
string.sc
	No errors.
timer.sc
	No errors.
tutorial.sc
	No errors.
sound.sc
	No errors.
qsound.sc
	No errors.
motion.sc
	No errors.
reverse.sc
	No errors.
chase.sc
	No errors.
follow.sc
	No errors.
wander.sc
	No errors.
polygon.sc
	No errors.
polypath.sc
	No errors.
walktalk.sc
	No errors.
sync.sc
	No errors.
jump.sc
	No errors.
feature.sc
	No errors.
scaler.sc
	No errors.
actor.sc
	No errors.
cursor.sc
	No errors.
magnify.sc
	No errors.
styler.sc
	No errors.
ditem.sc
	No errors.
dtext.sc
	No errors.
dbutton.sc
	No errors.
dedit.sc
	No errors.
dicon.sc
	No errors.
dslider.sc
	No errors.
plane.sc
	No errors.
dselectr.sc
	No errors.
filesel.sc
	No errors.
intrface.sc
	No errors.
dialog.sc
	No errors.
print.sc
	No errors.
iconbar.sc
	No errors.
invent.sc
	No errors.
user.sc
	No errors.
ego.sc
	No errors.
block.sc
	No errors.
sort.sc
	No errors.
count.sc
	No errors.
file.sc
	No errors.
save.sc
	No errors.
game.sc
	No errors.
messager.sc
	No errors.
gauge.sc
	No errors.
orbit.sc
	No errors.
path.sc
	No errors.
sight.sc
	No errors.
stopwalk.sc
	No errors.
grooper.sc
	No errors.
smooper.sc
	No errors.
cat.sc
	No errors.
dcicon.sc
	No errors.
dpath.sc
	No errors.
reldpath.sc
	No errors.
regpath.sc
	No errors.
loadmany.sc
	No errors.
forcount.sc
	No errors.
track.sc
	No errors.
approach.sc
	No errors.
logger.sc
	No errors.
movefwd.sc
	No errors.
movecyc.sc
	No errors.
randcyc.sc
	No errors.
osc.sc
	No errors.
rangeosc.sc
	No errors.
polyedit.sc
	No errors.
pmouse.sc
	No errors.
pchase.sc
	No errors.
pfollow.sc
	No errors.
pavoid.sc
	No errors.
talker.sc
	No errors.
conv.sc
	No errors.
flippoly.sc
	No errors.
inset.sc
	No errors.
scaleto.sc
	No errors.
door.sc
	No errors.
flags.sc
	No errors.
speedtst.sc
	No errors.
Class database unlocked.
Sierra On-Line Script Compiler 4.100 (Jan 12 1995 14:23:57)
(C) 1987-1995 by Sierra On-Line, Inc.  All rights reserved.
Class database locked.
system.sc
	No errors.
array.sc
	No errors.
rect.sc
	No errors.
string.sc
	No errors.
timer.sc
	No errors.
tutorial.sc
	No errors.
sound.sc
	No errors.
qsound.sc
	No errors.
motion.sc
	No errors.
reverse.sc
	No errors.
chase.sc
	No errors.
follow.sc
	No errors.
wander.sc
	No errors.
polygon.sc
	No errors.
polypath.sc
	No errors.
walktalk.sc
	No errors.
sync.sc
	No errors.
jump.sc
	No errors.
feature.sc
	No errors.
scaler.sc
	No errors.
actor.sc
	No errors.
cursor.sc
	No errors.
magnify.sc
	No errors.
styler.sc
	No errors.
ditem.sc
	No errors.
dtext.sc
	No errors.
dbutton.sc
	No errors.
dedit.sc
	No errors.
dicon.sc
	No errors.
dslider.sc
	No errors.
plane.sc
	No errors.
dselectr.sc
	No errors.
filesel.sc
	No errors.
intrface.sc
	No errors.
dialog.sc
	No errors.
print.sc
	No errors.
iconbar.sc
	No errors.
invent.sc
	No errors.
user.sc
	No errors.
ego.sc
	No errors.
block.sc
	No errors.
sort.sc
	No errors.
count.sc
	No errors.
file.sc
	No errors.
save.sc
	No errors.
game.sc
	No errors.
messager.sc
	No errors.
gauge.sc
	No errors.
orbit.sc
	No errors.
path.sc
	No errors.
sight.sc
	No errors.
stopwalk.sc
	No errors.
grooper.sc
	No errors.
smooper.sc
	No errors.
cat.sc
	No errors.
dcicon.sc
	No errors.
dpath.sc
	No errors.
reldpath.sc
	No errors.
regpath.sc
	No errors.
loadmany.sc
	No errors.
forcount.sc
	No errors.
track.sc
	No errors.
approach.sc
	No errors.
logger.sc
	No errors.
movefwd.sc
	No errors.
movecyc.sc
	No errors.
randcyc.sc
	No errors.
osc.sc
	No errors.
rangeosc.sc
	No errors.
polyedit.sc
	No errors.
pmouse.sc
	No errors.
pchase.sc
	No errors.
pfollow.sc
	No errors.
pavoid.sc
	No errors.
talker.sc
	No errors.
conv.sc
	No errors.
flippoly.sc
	No errors.
inset.sc
	No errors.
scaleto.sc
	No errors.
door.sc
	No errors.
flags.sc
	No errors.
speedtst.sc
	No errors.
Class database unlocked.
Sierra On-Line Script Compiler 4.100 (Jan 12 1995 14:23:57)
(C) 1987-1995 by Sierra On-Line, Inc.  All rights reserved.
Class database locked.
system.sc
	No errors.
array.sc
	No errors.
rect.sc
	No errors.
string.sc
	No errors.
timer.sc
	No errors.
tutorial.sc
	No errors.
sound.sc
	No errors.
qsound.sc
	No errors.
motion.sc
	No errors.
reverse.sc
	No errors.
chase.sc
	No errors.
follow.sc
	No errors.
wander.sc
	No errors.
polygon.sc
	No errors.
polypath.sc
	No errors.
walktalk.sc
	No errors.
sync.sc
	No errors.
jump.sc
	No errors.
feature.sc
	No errors.
scaler.sc
	No errors.
actor.sc
	No errors.
cursor.sc
	No errors.
magnify.sc
	No errors.
styler.sc
	No errors.
ditem.sc
	No errors.
dtext.sc
	No errors.
dbutton.sc
	No errors.
dedit.sc
	No errors.
dicon.sc
	No errors.
dslider.sc
	No errors.
plane.sc
	No errors.
dselectr.sc
	No errors.
filesel.sc
	No errors.
intrface.sc
	No errors.
dialog.sc
	No errors.
print.sc
	No errors.
iconbar.sc
	No errors.
invent.sc
	No errors.
user.sc
	No errors.
ego.sc
	No errors.
block.sc
	No errors.
sort.sc
	No errors.
count.sc
	No errors.
file.sc
	No errors.
save.sc
	No errors.
game.sc
	No errors.
messager.sc
	No errors.
gauge.sc
	No errors.
orbit.sc
	No errors.
path.sc
	No errors.
sight.sc
	No errors.
stopwalk.sc
	No errors.
grooper.sc
	No errors.
smooper.sc
	No errors.
cat.sc
	No errors.
dcicon.sc
	No errors.
dpath.sc
	No errors.
reldpath.sc
	No errors.
regpath.sc
	No errors.
loadmany.sc
	No errors.
forcount.sc
	No errors.
track.sc
	No errors.
approach.sc
	No errors.
logger.sc
	No errors.
movefwd.sc
	No errors.
movecyc.sc
	No errors.
randcyc.sc
	No errors.
osc.sc
	No errors.
rangeosc.sc
	No errors.
polyedit.sc
	No errors.
pmouse.sc
	No errors.
pchase.sc
	No errors.
pfollow.sc
	No errors.
pavoid.sc
	No errors.
talker.sc
	No errors.
conv.sc
	No errors.
flippoly.sc
	No errors.
inset.sc
	No errors.
scaleto.sc
	No errors.
door.sc
	No errors.
flags.sc
	No errors.
speedtst.sc
	No errors.
Class database unlocked.
Sierra On-Line Script Compiler 4.100 (Jan 12 1995 14:23:57)
(C) 1987-1995 by Sierra On-Line, Inc.  All rights reserved.
Class database locked.
system.sc
	No errors.
array.sc
	No errors.
rect.sc
	No errors.
string.sc
	No errors.
timer.sc
	No errors.
tutorial.sc
	No errors.
sound.sc
	No errors.
qsound.sc
	No errors.
motion.sc
	No errors.
reverse.sc
	No errors.
chase.sc
	No errors.
follow.sc
	No errors.
wander.sc
	No errors.
polygon.sc
	No errors.
polypath.sc
	No errors.
walktalk.sc
	No errors.
sync.sc
	No errors.
jump.sc
	No errors.
feature.sc
	No errors.
scaler.sc
	No errors.
actor.sc
	No errors.
cursor.sc
	No errors.
magnify.sc
	No errors.
styler.sc
	No errors.
ditem.sc
	No errors.
dtext.sc
	No errors.
dbutton.sc
	No errors.
dedit.sc
	No errors.
dicon.sc
	No errors.
dslider.sc
	No errors.
plane.sc
	No errors.
dselectr.sc
	No errors.
filesel.sc
	No errors.
intrface.sc
	No errors.
dialog.sc
	No errors.
print.sc
	No errors.
iconbar.sc
	No errors.
invent.sc
	No errors.
user.sc
	No errors.
ego.sc
	No errors.
block.sc
	No errors.
sort.sc
	No errors.
count.sc
	No errors.
file.sc
	No errors.
save.sc
	No errors.
game.sc
	No errors.
messager.sc
	No errors.
gauge.sc
	No errors.
orbit.sc
	No errors.
path.sc
	No errors.
sight.sc
	No errors.
stopwalk.sc
	No errors.
grooper.sc
	No errors.
smooper.sc
	No errors.
cat.sc
	No errors.
dcicon.sc
	No errors.
dpath.sc
	No errors.
reldpath.sc
	No errors.
regpath.sc
	No errors.
loadmany.sc
	No errors.
forcount.sc
	No errors.
track.sc
	No errors.
approach.sc
	No errors.
logger.sc
	No errors.
movefwd.sc
	No errors.
movecyc.sc
	No errors.
randcyc.sc
	No errors.
osc.sc
	No errors.
rangeosc.sc
	No errors.
polyedit.sc
	No errors.
pmouse.sc
	No errors.
pchase.sc
	No errors.
pfollow.sc
	No errors.
pavoid.sc
	No errors.
talker.sc
	No errors.
conv.sc
	No errors.
flippoly.sc
	No errors.
inset.sc
	No errors.
scaleto.sc
	No errors.
door.sc
	No errors.
flags.sc
	No errors.
speedtst.sc
	No errors.
Class database unlocked.
Sierra On-Line Script Compiler 4.100 (Jan 12 1995 14:23:57)
(C) 1987-1995 by Sierra On-Line, Inc.  All rights reserved.
Class database locked.
system.sc
	No errors.
array.sc
	No errors.
rect.sc
	No errors.
string.sc
	No errors.
timer.sc
	No errors.
tutorial.sc
	No errors.
sound.sc
	No errors.
qsound.sc
	No errors.
motion.sc
	No errors.
reverse.sc
	No errors.
chase.sc
	No errors.
follow.sc
	No errors.
wander.sc
	No errors.
polygon.sc
	No errors.
polypath.sc
	No errors.
walktalk.sc
	No errors.
sync.sc
	No errors.
jump.sc
	No errors.
feature.sc
	No errors.
scaler.sc
	No errors.
actor.sc
	No errors.
cursor.sc
	No errors.
magnify.sc
	No errors.
styler.sc
	No errors.
ditem.sc
	No errors.
dtext.sc
	No errors.
dbutton.sc
	No errors.
dedit.sc
	No errors.
dicon.sc
	No errors.
dslider.sc
	No errors.
plane.sc
	No errors.
dselectr.sc
	No errors.
filesel.sc
	No errors.
intrface.sc
	No errors.
dialog.sc
	No errors.
print.sc
	No errors.
iconbar.sc
	No errors.
invent.sc
	No errors.
user.sc
	No errors.
ego.sc
	No errors.
block.sc
	No errors.
sort.sc
	No errors.
count.sc
	No errors.
file.sc
	No errors.
save.sc
	No errors.
game.sc
	No errors.
messager.sc
	No errors.
gauge.sc
	No errors.
orbit.sc
	No errors.
path.sc
	No errors.
sight.sc
	No errors.
stopwalk.sc
	No errors.
grooper.sc
	No errors.
smooper.sc
	No errors.
cat.sc
	No errors.
dcicon.sc
	No errors.
dpath.sc
	No errors.
reldpath.sc
	No errors.
regpath.sc
	No errors.
loadmany.sc
	No errors.
forcount.sc
	No errors.
track.sc
	No errors.
approach.sc
	No errors.
logger.sc
	No errors.
movefwd.sc
	No errors.
movecyc.sc
	No errors.
randcyc.sc
	No errors.
osc.sc
	No errors.
rangeosc.sc
	No errors.
polyedit.sc
	No errors.
pmouse.sc
	No errors.
pchase.sc
	No errors.
pfollow.sc
	No errors.
pavoid.sc
	No errors.
talker.sc
	No errors.
conv.sc
	No errors.
flippoly.sc
	No errors.
inset.sc
	No errors.
scaleto.sc
	No errors.
door.sc
	No errors.
flags.sc
	No errors.
speedtst.sc
	No errors.
Class database unlocked.
Sierra On-Line Script Compiler 4.100 (Jan 12 1995 14:23:57)
(C) 1987-1995 by Sierra On-Line, Inc.  All rights reserved.
Class database locked.
system.sc
	No errors.
array.sc
	No errors.
rect.sc
	No errors.
string.sc
	No errors.
timer.sc
	No errors.
tutorial.sc
	No errors.
sound.sc
	No errors.
qsound.sc
	No errors.
motion.sc
	No errors.
reverse.sc
	No errors.
chase.sc
	No errors.
follow.sc
	No errors.
wander.sc
	No errors.
polygon.sc
	No errors.
polypath.sc
	No errors.
walktalk.sc
	No errors.
sync.sc
	No errors.
jump.sc
	No errors.
feature.sc
	No errors.
scaler.sc
	No errors.
actor.sc
	No errors.
cursor.sc
	No errors.
magnify.sc
	No errors.
styler.sc
	No errors.
ditem.sc
	No errors.
dtext.sc
	No errors.
dbutton.sc
	No errors.
dedit.sc
	No errors.
dicon.sc
	No errors.
dslider.sc
	No errors.
plane.sc
	No errors.
dselectr.sc
	No errors.
filesel.sc
	No errors.
intrface.sc
	No errors.
dialog.sc
	No errors.
print.sc
	No errors.
iconbar.sc
	No errors.
invent.sc
	No errors.
user.sc
	No errors.
ego.sc
	No errors.
block.sc
	No errors.
sort.sc
	No errors.
count.sc
	No errors.
file.sc
	No errors.
save.sc
	No errors.
game.sc
	No errors.
messager.sc
	No errors.
gauge.sc
	No errors.
orbit.sc
	No errors.
path.sc
	No errors.
sight.sc
	No errors.
stopwalk.sc
	No errors.
grooper.sc
	No errors.
smooper.sc
	No errors.
cat.sc
	No errors.
dcicon.sc
	No errors.
dpath.sc
	No errors.
reldpath.sc
	No errors.
regpath.sc
	No errors.
loadmany.sc
	No errors.
forcount.sc
	No errors.
track.sc
	No errors.
approach.sc
	No errors.
logger.sc
	No errors.
movefwd.sc
	No errors.
movecyc.sc
	No errors.
randcyc.sc
	No errors.
osc.sc
	No errors.
rangeosc.sc
	No errors.
polyedit.sc
	No errors.
pmouse.sc
	No errors.
pchase.sc
	No errors.
pfollow.sc
	No errors.
pavoid.sc
	No errors.
talker.sc
	No errors.
conv.sc
	No errors.
flippoly.sc
	No errors.
inset.sc
	No errors.
scaleto.sc
	No errors.
door.sc
	No errors.
flags.sc
	No errors.
speedtst.sc
	No errors.
Class database unlocked.
Sierra On-Line Script Compiler 4.100 (Jan 12 1995 14:23:57)
(C) 1987-1995 by Sierra On-Line, Inc.  All rights reserved.
Class database locked.
system.sc
	No errors.
array.sc
	No errors.
rect.sc
	No errors.
string.sc
	No errors.
timer.sc
	No errors.
tutorial.sc
	No errors.
sound.sc
	No errors.
qsound.sc
	No errors.
motion.sc
	No errors.
reverse.sc
	No errors.
chase.sc
	No errors.
follow.sc
	No errors.
wander.sc
	No errors.
polygon.sc
	No errors.
polypath.sc
	No errors.
walktalk.sc
	No errors.
sync.sc
	No errors.
jump.sc
	No errors.
feature.sc
	No errors.
scaler.sc
	No errors.
actor.sc
	No errors.
cursor.sc
	No errors.
magnify.sc
	No errors.
styler.sc
	No errors.
ditem.sc
	No errors.
dtext.sc
	No errors.
dbutton.sc
	No errors.
dedit.sc
	No errors.
dicon.sc
	No errors.
dslider.sc
	No errors.
plane.sc
	No errors.
dselectr.sc
	No errors.
filesel.sc
	No errors.
intrface.sc
	No errors.
dialog.sc
	No errors.
print.sc
	No errors.
iconbar.sc
	No errors.
invent.sc
	No errors.
user.sc
	No errors.
ego.sc
	No errors.
block.sc
	No errors.
sort.sc
	No errors.
count.sc
	No errors.
file.sc
	No errors.
save.sc
	No errors.
game.sc
	No errors.
messager.sc
	No errors.
gauge.sc
	No errors.
orbit.sc
	No errors.
path.sc
	No errors.
sight.sc
	No errors.
stopwalk.sc
	No errors.
grooper.sc
	No errors.
smooper.sc
	No errors.
cat.sc
	No errors.
dcicon.sc
	No errors.
dpath.sc
	No errors.
reldpath.sc
	No errors.
regpath.sc
	No errors.
loadmany.sc
	No errors.
forcount.sc
	No errors.
track.sc
	No errors.
approach.sc
	No errors.
logger.sc
	No errors.
movefwd.sc
	No errors.
movecyc.sc
	No errors.
randcyc.sc
	No errors.
osc.sc
	No errors.
rangeosc.sc
	No errors.
polyedit.sc
	No errors.
pmouse.sc
	No errors.
pchase.sc
	No errors.
pfollow.sc
	No errors.
pavoid.sc
	No errors.
talker.sc
	No errors.
conv.sc
	No errors.
flippoly.sc
	No errors.
inset.sc
	No errors.
scaleto.sc
	No errors.
door.sc
	No errors.
flags.sc
	No errors.
speedtst.sc
	No errors.
Class database unlocked.
Sierra On-Line Script Compiler 4.100 (Jan 12 1995 14:23:57)
(C) 1987-1995 by Sierra On-Line, Inc.  All rights reserved.
Class database locked.
system.sc
	No errors.
array.sc
	No errors.
rect.sc
	No errors.
string.sc
	No errors.
timer.sc
	No errors.
tutorial.sc
	No errors.
sound.sc
	No errors.
qsound.sc
	No errors.
motion.sc
	No errors.
reverse.sc
	No errors.
chase.sc
	No errors.
follow.sc
	No errors.
wander.sc
	No errors.
polygon.sc
	No errors.
polypath.sc
	No errors.
walktalk.sc
	No errors.
sync.sc
	No errors.
jump.sc
	No errors.
feature.sc
	No errors.
scaler.sc
	No errors.
actor.sc
	No errors.
cursor.sc
	No errors.
magnify.sc
	No errors.
styler.sc
	No errors.
ditem.sc
	No errors.
dtext.sc
	No errors.
dbutton.sc
	No errors.
dedit.sc
	No errors.
dicon.sc
	No errors.
dslider.sc
	No errors.
plane.sc
	No errors.
dselectr.sc
	No errors.
filesel.sc
	No errors.
intrface.sc
	No errors.
dialog.sc
	No errors.
print.sc
	No errors.
iconbar.sc
	No errors.
invent.sc
	No errors.
user.sc
	No errors.
ego.sc
	No errors.
block.sc
	No errors.
sort.sc
	No errors.
count.sc
	No errors.
file.sc
	No errors.
save.sc
	No errors.
game.sc
	No errors.
messager.sc
	No errors.
gauge.sc
	No errors.
orbit.sc
	No errors.
path.sc
	No errors.
sight.sc
	No errors.
stopwalk.sc
	No errors.
grooper.sc
	No errors.
smooper.sc
	No errors.
cat.sc
	No errors.
dcicon.sc
	No errors.
dpath.sc
	No errors.
reldpath.sc
	No errors.
regpath.sc
	No errors.
loadmany.sc
	No errors.
forcount.sc
	No errors.
track.sc
	No errors.
approach.sc
	No errors.
logger.sc
	No errors.
movefwd.sc
	No errors.
movecyc.sc
	No errors.
randcyc.sc
	No errors.
osc.sc
	No errors.
rangeosc.sc
	No errors.
polyedit.sc
	No errors.
pmouse.sc
	No errors.
pchase.sc
	No errors.
pfollow.sc
	No errors.
pavoid.sc
	No errors.
talker.sc
	No errors.
conv.sc
	No errors.
flippoly.sc
	No errors.
inset.sc
	No errors.
scaleto.sc
	No errors.
door.sc
	No errors.
flags.sc
	No errors.
speedtst.sc
	No errors.
Class database unlocked.
Sierra On-Line Script Compiler 4.100 (Jan 12 1995 14:23:57)
(C) 1987-1995 by Sierra On-Line, Inc.  All rights reserved.
Class database locked.
system.sc
	No errors.
array.sc
	No errors.
rect.sc
	No errors.
string.sc
	No errors.
timer.sc
	No errors.
tutorial.sc
	No errors.
sound.sc
	No errors.
qsound.sc
	No errors.
motion.sc
	No errors.
reverse.sc
	No errors.
chase.sc
	No errors.
follow.sc
	No errors.
wander.sc
	No errors.
polygon.sc
	No errors.
polypath.sc
	No errors.
walktalk.sc
	No errors.
sync.sc
	No errors.
jump.sc
	No errors.
feature.sc
	No errors.
scaler.sc
	No errors.
actor.sc
	No errors.
cursor.sc
	No errors.
magnify.sc
	No errors.
styler.sc
	No errors.
ditem.sc
	No errors.
dtext.sc
	No errors.
dbutton.sc
	No errors.
dedit.sc
	No errors.
dicon.sc
	No errors.
dslider.sc
	No errors.
plane.sc
	No errors.
dselectr.sc
	No errors.
filesel.sc
	No errors.
intrface.sc
	No errors.
dialog.sc
	No errors.
print.sc
	No errors.
iconbar.sc
	No errors.
invent.sc
	No errors.
user.sc
	No errors.
ego.sc
	No errors.
block.sc
	No errors.
sort.sc
	No errors.
count.sc
	No errors.
file.sc
	No errors.
save.sc
	No errors.
game.sc
	No errors.
messager.sc
	No errors.
gauge.sc
	No errors.
orbit.sc
	No errors.
path.sc
	No errors.
sight.sc
	No errors.
stopwalk.sc
	No errors.
grooper.sc
	No errors.
smooper.sc
	No errors.
cat.sc
	No errors.
dcicon.sc
	No errors.
dpath.sc
	No errors.
reldpath.sc
	No errors.
regpath.sc
	No errors.
loadmany.sc
	No errors.
forcount.sc
	No errors.
track.sc
	No errors.
approach.sc
	No errors.
logger.sc
	No errors.
movefwd.sc
	No errors.
movecyc.sc
	No errors.
randcyc.sc
	No errors.
osc.sc
	No errors.
rangeosc.sc
	No errors.
polyedit.sc
	No errors.
pmouse.sc
	No errors.
pchase.sc
	No errors.
pfollow.sc
	No errors.
pavoid.sc
	No errors.
talker.sc
	No errors.
conv.sc
	No errors.
flippoly.sc
	No errors.
inset.sc
	No errors.
scaleto.sc
	No errors.
door.sc
	No errors.
flags.sc
	No errors.
speedtst.sc
	No errors.
Class database unlocked.
Sierra On-Line Script Compiler 4.100 (Jan 12 1995 14:23:57)
(C) 1987-1995 by Sierra On-Line, Inc.  All rights reserved.
Class database locked.
system.sc
	No errors.
array.sc
	No errors.
rect.sc
	No errors.
string.sc
	No errors.
timer.sc
	No errors.
tutorial.sc
	No errors.
sound.sc
	No errors.
qsound.sc
	No errors.
motion.sc
	No errors.
reverse.sc
	No errors.
chase.sc
	No errors.
follow.sc
	No errors.
wander.sc
	No errors.
polygon.sc
	No errors.
polypath.sc
	No errors.
walktalk.sc
	No errors.
sync.sc
	No errors.
jump.sc
	No errors.
feature.sc
	No errors.
scaler.sc
	No errors.
actor.sc
	No errors.
cursor.sc
	No errors.
magnify.sc
	No errors.
styler.sc
	No errors.
ditem.sc
	No errors.
dtext.sc
	No errors.
dbutton.sc
	No errors.
dedit.sc
	No errors.
dicon.sc
	No errors.
dslider.sc
	No errors.
plane.sc
	No errors.
dselectr.sc
	No errors.
filesel.sc
	No errors.
intrface.sc
	No errors.
dialog.sc
	No errors.
print.sc
	No errors.
iconbar.sc
	No errors.
invent.sc
	No errors.
user.sc
	No errors.
ego.sc
	No errors.
block.sc
	No errors.
sort.sc
	No errors.
count.sc
	No errors.
file.sc
	No errors.
save.sc
	No errors.
game.sc
	No errors.
messager.sc
	No errors.
gauge.sc
	No errors.
orbit.sc
	No errors.
path.sc
	No errors.
sight.sc
	No errors.
stopwalk.sc
	No errors.
grooper.sc
	No errors.
smooper.sc
	No errors.
cat.sc
	No errors.
dcicon.sc
	No errors.
dpath.sc
	No errors.
reldpath.sc
	No errors.
regpath.sc
	No errors.
loadmany.sc
	No errors.
forcount.sc
	No errors.
track.sc
	No errors.
approach.sc
	No errors.
logger.sc
	No errors.
movefwd.sc
	No errors.
movecyc.sc
	No errors.
randcyc.sc
	No errors.
osc.sc
	No errors.
rangeosc.sc
	No errors.
polyedit.sc
	No errors.
pmouse.sc
	No errors.
pchase.sc
	No errors.
pfollow.sc
	No errors.
pavoid.sc
	No errors.
talker.sc
	No errors.
conv.sc
	No errors.
flippoly.sc
	No errors.
inset.sc
	No errors.
scaleto.sc
	No errors.
door.sc
	No errors.
flags.sc
	No errors.
speedtst.sc
	No errors.
Class database unlocked.
Sierra On-Line Script Compiler 4.100 (Jan 12 1995 14:23:57)
(C) 1987-1995 by Sierra On-Line, Inc.  All rights reserved.
Class database locked.
system.sc
	No errors.
array.sc
	No errors.
rect.sc
	No errors.
string.sc
	No errors.
timer.sc
	No errors.
tutorial.sc
	No errors.
sound.sc
	No errors.
qsound.sc
	No errors.
motion.sc
	No errors.
reverse.sc
	No errors.
chase.sc
	No errors.
follow.sc
	No errors.
wander.sc
	No errors.
polygon.sc
	No errors.
polypath.sc
	No errors.
walktalk.sc
	No errors.
sync.sc
	No errors.
jump.sc
	No errors.
feature.sc
	No errors.
scaler.sc
	No errors.
actor.sc
	No errors.
cursor.sc
	No errors.
magnify.sc
	No errors.
styler.sc
	No errors.
ditem.sc
	No errors.
dtext.sc
	No errors.
dbutton.sc
	No errors.
dedit.sc
	No errors.
dicon.sc
	No errors.
dslider.sc
	No errors.
plane.sc
	No errors.
dselectr.sc
	No errors.
filesel.sc
	No errors.
intrface.sc
	No errors.
dialog.sc
	No errors.
print.sc
	No errors.
iconbar.sc
	No errors.
invent.sc
	No errors.
user.sc
	No errors.
ego.sc
	No errors.
block.sc
	No errors.
sort.sc
	No errors.
count.sc
	No errors.
file.sc
	No errors.
save.sc
	No errors.
game.sc
	No errors.
messager.sc
	No errors.
gauge.sc
	No errors.
orbit.sc
	No errors.
path.sc
	No errors.
sight.sc
	No errors.
stopwalk.sc
	No errors.
grooper.sc
	No errors.
smooper.sc
	No errors.
cat.sc
	No errors.
dcicon.sc
	No errors.
dpath.sc
	No errors.
reldpath.sc
	No errors.
regpath.sc
	No errors.
loadmany.sc
	No errors.
forcount.sc
	No errors.
track.sc
	No errors.
approach.sc
	No errors.
logger.sc
	No errors.
movefwd.sc
	No errors.
movecyc.sc
	No errors.
randcyc.sc
	No errors.
osc.sc
	No errors.
rangeosc.sc
	No errors.
polyedit.sc
	No errors.
pmouse.sc
	No errors.
pchase.sc
	No errors.
pfollow.sc
	No errors.
pavoid.sc
	No errors.
talker.sc
	No errors.
conv.sc
	No errors.
flippoly.sc
	No errors.
inset.sc
	No errors.
scaleto.sc
	No errors.
door.sc
	No errors.
flags.sc
	No errors.
speedtst.sc
	No errors.
Class database unlocked.
Sierra On-Line Script Compiler 4.100 (Jan 12 1995 14:23:57)
(C) 1987-1995 by Sierra On-Line, Inc.  All rights reserved.
Class database locked.
system.sc
	No errors.
array.sc
	No errors.
rect.sc
	No errors.
string.sc
	No errors.
timer.sc
	No errors.
tutorial.sc
	No errors.
sound.sc
	No errors.
qsound.sc
	No errors.
motion.sc
	No errors.
reverse.sc
	No errors.
chase.sc
	No errors.
follow.sc
	No errors.
wander.sc
	No errors.
polygon.sc
	No errors.
polypath.sc
	No errors.
walktalk.sc
	No errors.
sync.sc
	No errors.
jump.sc
	No errors.
feature.sc
	No errors.
scaler.sc
	No errors.
actor.sc
	No errors.
cursor.sc
	No errors.
magnify.sc
	No errors.
styler.sc
	No errors.
ditem.sc
	No errors.
dtext.sc
	No errors.
dbutton.sc
	No errors.
dedit.sc
	No errors.
dicon.sc
	No errors.
dslider.sc
	No errors.
plane.sc
	No errors.
dselectr.sc
	No errors.
filesel.sc
	No errors.
intrface.sc
	No errors.
dialog.sc
	No errors.
print.sc
	No errors.
iconbar.sc
	No errors.
invent.sc
	No errors.
user.sc
	No errors.
ego.sc
	No errors.
block.sc
	No errors.
sort.sc
	No errors.
count.sc
	No errors.
file.sc
	No errors.
save.sc
	No errors.
game.sc
	No errors.
messager.sc
	No errors.
gauge.sc
	No errors.
orbit.sc
	No errors.
path.sc
	No errors.
sight.sc
	No errors.
stopwalk.sc
	No errors.
grooper.sc
	No errors.
smooper.sc
	No errors.
cat.sc
	No errors.
dcicon.sc
	No errors.
dpath.sc
	No errors.
reldpath.sc
	No errors.
regpath.sc
	No errors.
loadmany.sc
	No errors.
forcount.sc
	No errors.
track.sc
	No errors.
approach.sc
	No errors.
logger.sc
	No errors.
movefwd.sc
	No errors.
movecyc.sc
	No errors.
randcyc.sc
	No errors.
osc.sc
	No errors.
rangeosc.sc
	No errors.
polyedit.sc
	No errors.
pmouse.sc
	No errors.
pchase.sc
	No errors.
pfollow.sc
	No errors.
pavoid.sc
	No errors.
talker.sc
	No errors.
conv.sc
	No errors.
flippoly.sc
	No errors.
inset.sc
	No errors.
scaleto.sc
	No errors.
door.sc
	No errors.
flags.sc
	No errors.
speedtst.sc
	No errors.
Class database unlocked.
Sierra On-Line Script Compiler 4.100 (Jan 12 1995 14:23:57)
(C) 1987-1995 by Sierra On-Line, Inc.  All rights reserved.
Class database locked.
system.sc
	No errors.
array.sc
	No errors.
rect.sc
	No errors.
string.sc
	No errors.
timer.sc
	No errors.
tutorial.sc
	No errors.
sound.sc
	No errors.
qsound.sc
	No errors.
motion.sc
	No errors.
reverse.sc
	No errors.
chase.sc
	No errors.
follow.sc
	No errors.
wander.sc
	No errors.
polygon.sc
	No errors.
polypath.sc
	No errors.
walktalk.sc
	No errors.
sync.sc
	No errors.
jump.sc
	No errors.
feature.sc
	No errors.
scaler.sc
	No errors.
actor.sc
	No errors.
cursor.sc
	No errors.
magnify.sc
	No errors.
styler.sc
	No errors.
ditem.sc
	No errors.
dtext.sc
	No errors.
dbutton.sc
	No errors.
dedit.sc
	No errors.
dicon.sc
	No errors.
dslider.sc
	No errors.
plane.sc
	No errors.
dselectr.sc
	No errors.
filesel.sc
	No errors.
intrface.sc
	No errors.
dialog.sc
	No errors.
print.sc
	No errors.
iconbar.sc
	No errors.
invent.sc
	No errors.
user.sc
	No errors.
ego.sc
	No errors.
block.sc
	No errors.
sort.sc
	No errors.
count.sc
	No errors.
file.sc
	No errors.
save.sc
	No errors.
game.sc
	No errors.
messager.sc
	No errors.
gauge.sc
	No errors.
orbit.sc
	No errors.
path.sc
	No errors.
sight.sc
	No errors.
stopwalk.sc
	No errors.
grooper.sc
	No errors.
smooper.sc
	No errors.
cat.sc
	No errors.
dcicon.sc
	No errors.
dpath.sc
	No errors.
reldpath.sc
	No errors.
regpath.sc
	No errors.
loadmany.sc
	No errors.
forcount.sc
	No errors.
track.sc
	No errors.
approach.sc
	No errors.
logger.sc
	No errors.
movefwd.sc
	No errors.
movecyc.sc
	No errors.
randcyc.sc
	No errors.
osc.sc
	No errors.
rangeosc.sc
	No errors.
polyedit.sc
	No errors.
pmouse.sc
	No errors.
pchase.sc
	No errors.
pfollow.sc
	No errors.
pavoid.sc
	No errors.
talker.sc
	No errors.
conv.sc
	No errors.
flippoly.sc
	No errors.
inset.sc
	No errors.
scaleto.sc
	No errors.
door.sc
	No errors.
flags.sc
	No errors.
speedtst.sc
	No errors.
Class database unlocked.
Sierra On-Line Script Compiler 4.100 (Jan 12 1995 14:23:57)
(C) 1987-1995 by Sierra On-Line, Inc.  All rights reserved.
Class database locked.
system.sc
	No errors.
array.sc
	No errors.
rect.sc
	No errors.
string.sc
	No errors.
timer.sc
	No errors.
tutorial.sc
	No errors.
sound.sc
	No errors.
qsound.sc
	No errors.
motion.sc
	No errors.
reverse.sc
	No errors.
chase.sc
	No errors.
follow.sc
	No errors.
wander.sc
	No errors.
polygon.sc
	No errors.
polypath.sc
	No errors.
walktalk.sc
	No errors.
sync.sc
	No errors.
jump.sc
	No errors.
feature.sc
	No errors.
scaler.sc
	No errors.
actor.sc
	No errors.
cursor.sc
	No errors.
magnify.sc
	No errors.
styler.sc
	No errors.
ditem.sc
	No errors.
dtext.sc
	No errors.
dbutton.sc
	No errors.
dedit.sc
	No errors.
dicon.sc
	No errors.
dslider.sc
	No errors.
plane.sc
	No errors.
dselectr.sc
	No errors.
filesel.sc
	No errors.
intrface.sc
	No errors.
dialog.sc
	No errors.
print.sc
	No errors.
iconbar.sc
	No errors.
invent.sc
	No errors.
user.sc
	No errors.
ego.sc
	No errors.
block.sc
	No errors.
sort.sc
	No errors.
count.sc
	No errors.
file.sc
	No errors.
save.sc
	No errors.
game.sc
	No errors.
messager.sc
	No errors.
gauge.sc
	No errors.
orbit.sc
	No errors.
path.sc
	No errors.
sight.sc
	No errors.
stopwalk.sc
	No errors.
grooper.sc
	No errors.
smooper.sc
	No errors.
cat.sc
	No errors.
dcicon.sc
	No errors.
dpath.sc
	No errors.
reldpath.sc
	No errors.
regpath.sc
	No errors.
loadmany.sc
	No errors.
forcount.sc
	No errors.
track.sc
	No errors.
approach.sc
	No errors.
logger.sc
	No errors.
movefwd.sc
	No errors.
movecyc.sc
	No errors.
randcyc.sc
	No errors.
osc.sc
	No errors.
rangeosc.sc
	No errors.
polyedit.sc
	No errors.
pmouse.sc
	No errors.
pchase.sc
	No errors.
pfollow.sc
	No errors.
pavoid.sc
	No errors.
talker.sc
	No errors.
conv.sc
	No errors.
flippoly.sc
	No errors.
inset.sc
	No errors.
scaleto.sc
	No errors.
door.sc
	No errors.
flags.sc
	No errors.
speedtst.sc
	No errors.
Class database unlocked.
Sierra On-Line Script Compiler 4.100 (Jan 12 1995 14:23:57)
(C) 1987-1995 by Sierra On-Line, Inc.  All rights reserved.
Class database locked.
system.sc
	No errors.
array.sc
	No errors.
rect.sc
	No errors.
string.sc
	No errors.
timer.sc
	No errors.
tutorial.sc
	No errors.
sound.sc
	No errors.
qsound.sc
	No errors.
motion.sc
	No errors.
reverse.sc
	No errors.
chase.sc
	No errors.
follow.sc
	No errors.
wander.sc
	No errors.
polygon.sc
	No errors.
polypath.sc
	No errors.
walktalk.sc
	No errors.
sync.sc
	No errors.
jump.sc
	No errors.
feature.sc
	No errors.
scaler.sc
	No errors.
actor.sc
	No errors.
cursor.sc
	No errors.
magnify.sc
	No errors.
styler.sc
	No errors.
ditem.sc
	No errors.
dtext.sc
	No errors.
dbutton.sc
	No errors.
dedit.sc
	No errors.
dicon.sc
	No errors.
dslider.sc
	No errors.
plane.sc
	No errors.
dselectr.sc
	No errors.
filesel.sc
	No errors.
intrface.sc
	No errors.
dialog.sc
	No errors.
print.sc
	No errors.
iconbar.sc
	No errors.
invent.sc
	No errors.
user.sc
	No errors.
ego.sc
	No errors.
block.sc
	No errors.
sort.sc
	No errors.
count.sc
	No errors.
file.sc
	No errors.
save.sc
	No errors.
game.sc
	No errors.
messager.sc
	No errors.
gauge.sc
	No errors.
orbit.sc
	No errors.
path.sc
	No errors.
sight.sc
	No errors.
stopwalk.sc
	No errors.
grooper.sc
	No errors.
smooper.sc
	No errors.
cat.sc
	No errors.
dcicon.sc
	No errors.
dpath.sc
	No errors.
reldpath.sc
	No errors.
regpath.sc
	No errors.
loadmany.sc
	No errors.
forcount.sc
	No errors.
track.sc
	No errors.
approach.sc
	No errors.
logger.sc
	No errors.
movefwd.sc
	No errors.
movecyc.sc
	No errors.
randcyc.sc
	No errors.
osc.sc
	No errors.
rangeosc.sc
	No errors.
polyedit.sc
	No errors.
pmouse.sc
	No errors.
pchase.sc
	No errors.
pfollow.sc
	No errors.
pavoid.sc
	No errors.
talker.sc
	No errors.
conv.sc
	No errors.
flippoly.sc
	No errors.
inset.sc
	No errors.
scaleto.sc
	No errors.
door.sc
	No errors.
flags.sc
	No errors.
speedtst.sc
	No errors.
Class database unlocked.
Sierra On-Line Script Compiler 4.100 (Jan 12 1995 14:23:57)
(C) 1987-1995 by Sierra On-Line, Inc.  All rights reserved.
Class database locked.
system.sc
	No errors.
array.sc
	No errors.
rect.sc
	No errors.
string.sc
	No errors.
timer.sc
	No errors.
tutorial.sc
	No errors.
sound.sc
	No errors.
qsound.sc
	No errors.
motion.sc
	No errors.
reverse.sc
	No errors.
chase.sc
	No errors.
follow.sc
	No errors.
wander.sc
	No errors.
polygon.sc
	No errors.
polypath.sc
	No errors.
walktalk.sc
	No errors.
sync.sc
	No errors.
jump.sc
	No errors.
feature.sc
	No errors.
scaler.sc
	No errors.
actor.sc
	No errors.
cursor.sc
	No errors.
magnify.sc
	No errors.
styler.sc
	No errors.
ditem.sc
	No errors.
dtext.sc
	No errors.
dbutton.sc
	No errors.
dedit.sc
	No errors.
dicon.sc
	No errors.
dslider.sc
	No errors.
plane.sc
	No errors.
dselectr.sc
	No errors.
filesel.sc
	No errors.
intrface.sc
	No errors.
dialog.sc
	No errors.
print.sc
	No errors.
iconbar.sc
	No errors.
invent.sc
	No errors.
user.sc
	No errors.
ego.sc
	No errors.
block.sc
	No errors.
sort.sc
	No errors.
count.sc
	No errors.
file.sc
	No errors.
save.sc
	No errors.
game.sc
	No errors.
messager.sc
	No errors.
gauge.sc
	No errors.
orbit.sc
	No errors.
path.sc
	No errors.
sight.sc
	No errors.
stopwalk.sc
	No errors.
grooper.sc
	No errors.
smooper.sc
	No errors.
cat.sc
	No errors.
dcicon.sc
	No errors.
dpath.sc
	No errors.
reldpath.sc
	No errors.
regpath.sc
	No errors.
loadmany.sc
	No errors.
forcount.sc
	No errors.
track.sc
	No errors.
approach.sc
	No errors.
logger.sc
	No errors.
movefwd.sc
	No errors.
movecyc.sc
	No errors.
randcyc.sc
	No errors.
osc.sc
	No errors.
rangeosc.sc
	No errors.
polyedit.sc
	No errors.
pmouse.sc
	No errors.
pchase.sc
	No errors.
pfollow.sc
	No errors.
pavoid.sc
	No errors.
talker.sc
	No errors.
conv.sc
	No errors.
flippoly.sc
	No errors.
inset.sc
	No errors.
scaleto.sc
	No errors.
door.sc
	No errors.
flags.sc
	No errors.
speedtst.sc
	No errors.
Class database unlocked.
Sierra On-Line Script Compiler 4.100 (Jan 12 1995 14:23:57)
(C) 1987-1995 by Sierra On-Line, Inc.  All rights reserved.
Class database locked.
system.sc
	No errors.
array.sc
	No errors.
rect.sc
	No errors.
string.sc
	No errors.
timer.sc
	No errors.
tutorial.sc
	No errors.
sound.sc
	No errors.
qsound.sc
	No errors.
motion.sc
	No errors.
reverse.sc
	No errors.
chase.sc
	No errors.
follow.sc
	No errors.
wander.sc
	No errors.
polygon.sc
	No errors.
polypath.sc
	No errors.
walktalk.sc
	No errors.
sync.sc
	No errors.
jump.sc
	No errors.
feature.sc
	No errors.
scaler.sc
	No errors.
actor.sc
	No errors.
cursor.sc
	No errors.
magnify.sc
	No errors.
styler.sc
	No errors.
ditem.sc
	No errors.
dtext.sc
	No errors.
dbutton.sc
	No errors.
dedit.sc
	No errors.
dicon.sc
	No errors.
dslider.sc
	No errors.
plane.sc
	No errors.
dselectr.sc
	No errors.
filesel.sc
	No errors.
intrface.sc
	No errors.
dialog.sc
	No errors.
print.sc
	No errors.
iconbar.sc
	No errors.
invent.sc
	No errors.
user.sc
	No errors.
ego.sc
	No errors.
block.sc
	No errors.
sort.sc
	No errors.
count.sc
	No errors.
file.sc
	No errors.
save.sc
	No errors.
game.sc
	No errors.
messager.sc
	No errors.
gauge.sc
	No errors.
orbit.sc
	No errors.
path.sc
	No errors.
sight.sc
	No errors.
stopwalk.sc
	No errors.
grooper.sc
	No errors.
smooper.sc
	No errors.
cat.sc
	No errors.
dcicon.sc
	No errors.
dpath.sc
	No errors.
reldpath.sc
	No errors.
regpath.sc
	No errors.
loadmany.sc
	No errors.
forcount.sc
	No errors.
track.sc
	No errors.
approach.sc
	No errors.
logger.sc
	No errors.
movefwd.sc
	No errors.
movecyc.sc
	No errors.
randcyc.sc
	No errors.
osc.sc
	No errors.
rangeosc.sc
	No errors.
polyedit.sc
	No errors.
pmouse.sc
	No errors.
pchase.sc
	No errors.
pfollow.sc
	No errors.
pavoid.sc
	No errors.
talker.sc
	No errors.
conv.sc
	No errors.
flippoly.sc
	No errors.
inset.sc
	No errors.
scaleto.sc
	No errors.
door.sc
	No errors.
flags.sc
	No errors.
speedtst.sc
	No errors.
Class database unlocked.
Sierra On-Line Script Compiler 4.100 (Jan 12 1995 14:23:57)
(C) 1987-1995 by Sierra On-Line, Inc.  All rights reserved.
Class database locked.
system.sc
	No errors.
array.sc
	No errors.
rect.sc
	No errors.
string.sc
	No errors.
timer.sc
	No errors.
tutorial.sc
	No errors.
sound.sc
	No errors.
qsound.sc
	No errors.
motion.sc
	No errors.
reverse.sc
	No errors.
chase.sc
	No errors.
follow.sc
	No errors.
wander.sc
	No errors.
polygon.sc
	No errors.
polypath.sc
	No errors.
walktalk.sc
	No errors.
sync.sc
	No errors.
jump.sc
	No errors.
feature.sc
	No errors.
scaler.sc
	No errors.
actor.sc
	No errors.
cursor.sc
	No errors.
magnify.sc
	No errors.
styler.sc
	No errors.
ditem.sc
	No errors.
dtext.sc
	No errors.
dbutton.sc
	No errors.
dedit.sc
	No errors.
dicon.sc
	No errors.
dslider.sc
	No errors.
plane.sc
	No errors.
dselectr.sc
	No errors.
filesel.sc
	No errors.
intrface.sc
	No errors.
dialog.sc
	No errors.
print.sc
	No errors.
iconbar.sc
	No errors.
invent.sc
	No errors.
user.sc
	No errors.
ego.sc
	No errors.
block.sc
	No errors.
sort.sc
	No errors.
count.sc
	No errors.
file.sc
	No errors.
save.sc
	No errors.
game.sc
	No errors.
messager.sc
	No errors.
gauge.sc
	No errors.
orbit.sc
	No errors.
path.sc
	No errors.
sight.sc
	No errors.
stopwalk.sc
	No errors.
grooper.sc
	No errors.
smooper.sc
	No errors.
cat.sc
	No errors.
dcicon.sc
	No errors.
dpath.sc
	No errors.
reldpath.sc
	No errors.
regpath.sc
	No errors.
loadmany.sc
	No errors.
forcount.sc
	No errors.
track.sc
	No errors.
approach.sc
	No errors.
logger.sc
	No errors.
movefwd.sc
	No errors.
movecyc.sc
	No errors.
randcyc.sc
	No errors.
osc.sc
	No errors.
rangeosc.sc
	No errors.
polyedit.sc
	No errors.
pmouse.sc
	No errors.
pchase.sc
	No errors.
pfollow.sc
	No errors.
pavoid.sc
	No errors.
talker.sc
	No errors.
conv.sc
	No errors.
flippoly.sc
	No errors.
inset.sc
	No errors.
scaleto.sc
	No errors.
door.sc
	No errors.
flags.sc
	No errors.
speedtst.sc
	No errors.
Class database unlocked.
