system
array
rect
string
timer
tutorial

sound
qsound

motion
reverse
chase
follow
wander
polygon
polypath 

walktalk

sync
jump
feature
scaler
actor
cursor
magnify

styler
ditem
dtext
dbutton
dedit
dicon
dslider
plane
dselectr
filesel
intrface
dialog

print

iconbar
invent

user
ego
block
sort
count
file
save
game
messager
orbit
path
sight
stopwalk
grooper
smooper
cat
dcicon
dpath
reldpath
regpath
loadmany
forcount
track
approach
logger
movefwd
movecyc
randcyc
osc
rangeosc
polyedit
pmouse
pchase
pfollow
pavoid
talker
conv
flippoly
inset
scaleto
door
flags
speedtst

