                       
Remaking system       
                      
Sierra On-Line Script Compiler 4.111 (Jan 22 1996 19:25:24)
(C) 1987-1994 by Sierra On-Line, Inc.  All rights reserved.
Class database locked.
-objID-
Error: selector, line 3
	Selector -size- used as value without #
Error: selector, line 152
	Selector critical required.
selector critical 827e3d74Error: classdef, line 16
	Not a selector: name
Error: classdef, line 21
	Not a selector: new
Error: classdef, line 48
	Not a selector: doit
Error: classdef, line 63
	Not a selector: elements
Error: classdef, line 69
	Not a selector: new
Error: classdef, line 100
	Not a selector: at
Error: classdef, line 124
	Not a selector: isDuplicate
Error: classdef, line 141
	Not a selector: handleEvent
Error: classdef, line 156
	Not a selector: plane
Error: classdef, line 160
	Not a selector: dispose
Error: classdef, line 175
	Not a selector: client
Error: classdef, line 191
	Not a selector: init
Error: classdef, line 212
	Not a selector: type
Error: classdef, line 226
	Not a selector: new
Error: classdef, line 243
	Not a selector: cuee
Error: classdef, line 249
	Not a selector: doit
Error: classdef, line 264
	Not a selector: data
Error: classdef, line 269
	Not a selector: new
Error: classdef, line 297
	Not a selector: type
Error: classdef, line 314
	Not a selector: type
Error: classdef, line 331
	Not a selector: type
Error: classdef, line 349
	Not a selector: left
Error: classdef, line 356
	Not a selector: init
Error: classdef, line 396
	Not a selector: type
Error: classdef, line 400
	Not a selector: init
Error: classdef, line 439
	Not a selector: cycleCnt
Error: classdef, line 447
	Not a selector: new
Error: classdef, line 471
	Not a selector: timeLeft
Error: classdef, line 475
	Not a selector: doit
Error: classdef, line 491
	Not a selector: nextItem
Error: classdef, line 497
	Not a selector: cue
Error: classdef, line 514
	Not a selector: nodePtr
Error: classdef, line 532
	Not a selector: new
Error: classdef, line 564
	Not a selector: check
Error: classdef, line 579
	Not a selector: client
Error: classdef, line 588
	Not a selector: init
Error: classdef, line 608
	Not a selector: doit
Error: classdef, line 626
	Not a selector: doit
Error: classdef, line 641
	Not a selector: endCel
Error: classdef, line 645
	Not a selector: init
Error: classdef, line 664
	Not a selector: init
Error: classdef, line 681
	Not a selector: init
Error: classdef, line 696
	Not a selector: xLast
Error: classdef, line 701
	Not a selector: doit
Error: classdef, line 717
	Not a selector: client
Error: classdef, line 735
	Not a selector: init
Error: classdef, line 757
	Not a selector: onTarget
Error: classdef, line 771
	Not a selector: cycleDir
Error: classdef, line 775
	Not a selector: doit
Error: classdef, line 791
	Not a selector: who
Error: classdef, line 796
	Not a selector: init
Error: classdef, line 814
	Not a selector: who
Error: classdef, line 819
	Not a selector: init
Error: classdef, line 838
	Not a selector: distance
Error: classdef, line 842
	Not a selector: init
Error: classdef, line 861
	Not a selector: size
Error: classdef, line 868
	Not a selector: init
Error: classdef, line 885
	Not a selector: value
Error: classdef, line 893
	Not a selector: init
Error: classdef, line 911
	Not a selector: robot
Error: classdef, line 928
	Not a selector: init
Error: classdef, line 952
	Not a selector: syncTime
Error: classdef, line 964
	Not a selector: syncStart
Error: classdef, line 981
	Not a selector: prevSignal
Error: classdef, line 986
	Not a selector: init
Error: classdef, line 1006
	Not a selector: init
Error: classdef, line 1024
	Not a selector: x
Error: classdef, line 1037
	Not a selector: init
Error: classdef, line 1058
	Not a selector: init
Error: classdef, line 1074
	Not a selector: theVerb
Error: classdef, line 1078
	Not a selector: changeState
Error: classdef, line 1093
	Not a selector: heading
Error: classdef, line 1116
	Not a selector: init
Error: classdef, line 1145
	Not a selector: doVerb
Error: classdef, line 1160
	Not a selector: client
Error: classdef, line 1171
	Not a selector: init
Error: classdef, line 1187
	Not a selector: scaleX
Error: classdef, line 1218
	Not a selector: init
Error: classdef, line 1252
	Not a selector: cycleSpeed
Error: classdef, line 1262
	Not a selector: doit
Error: classdef, line 1287
	Not a selector: illegalBits
Error: classdef, line 1303
	Not a selector: init
Error: classdef, line 1341
	Not a selector: view
Error: classdef, line 1346
	Not a selector: init
Error: classdef, line 1367
	Not a selector: x
Error: classdef, line 1378
	Not a selector: init
Error: classdef, line 1394
	Not a selector: style
Error: classdef, line 1407
	Not a selector: init
Error: classdef, line 1424
	Not a selector: name
Error: classdef, line 1434
	Not a selector: doit
Error: classdef, line 1465
	Not a selector: type
Error: classdef, line 1482
	Not a selector: new
Error: classdef, line 1501
	Not a selector: state
Error: classdef, line 1510
	Not a selector: init
Error: classdef, line 1529
	Not a selector: state
Error: classdef, line 1542
	Not a selector: dispose
Error: classdef, line 1558
	Not a selector: type
Error: classdef, line 1562
	Not a selector: setSize
Error: classdef, line 1577
	Not a selector: resX
Error: classdef, line 1600
	Not a selector: init
Error: classdef, line 1628
	Not a selector: font
Error: classdef, line 1645
	Not a selector: init
Error: classdef, line 1671
	Not a selector: setSize
Error: classdef, line 1686
	Not a selector: x
Error: classdef, line 1693
	Not a selector: init
Error: classdef, line 1710
	Not a selector: text
Error: classdef, line 1729
	Not a selector: init
Error: classdef, line 1759
	Not a selector: draw
Error: classdef, line 1775
	Not a selector: dialog
Error: classdef, line 1802
	Not a selector: init
Error: classdef, line 1837
	Not a selector: signal
Error: classdef, line 1858
	Not a selector: init
Error: classdef, line 1879
	Not a selector: underBits
Error: classdef, line 1895
	Not a selector: init
Error: classdef, line 1933
	Not a selector: initialize
Error: classdef, line 1948
	